<?xml version="1.0" encoding="UTF-8"?>
<!-- Generated by org.testng.reporters.JUnitReportReporter -->
<testsuite skipped="0" hostname="TP6VDIDEVTCM222" name="com.vcstax.testCases.TC_Smoke_SystemConfiguration_07" tests="12" failures="0" timestamp="27 May 2019 11:45:58 GMT" time="63.475" errors="0">
  <testcase name="clickbatchtypeslink" time="6.917" classname="com.vcstax.testCases.TC_Smoke_SystemConfiguration_07"/>
  <testcase name="clickbatchofficerslink" time="4.412" classname="com.vcstax.testCases.TC_Smoke_SystemConfiguration_07"/>
  <testcase name="clickcountymasterlink" time="4.317" classname="com.vcstax.testCases.TC_Smoke_SystemConfiguration_07"/>
  <testcase name="clickdisbursementaccountslink" time="4.364" classname="com.vcstax.testCases.TC_Smoke_SystemConfiguration_07"/>
  <testcase name="clickdistrictpropertytypexreflink" time="4.331" classname="com.vcstax.testCases.TC_Smoke_SystemConfiguration_07"/>
  <testcase name="clickexemptionslink" time="4.653" classname="com.vcstax.testCases.TC_Smoke_SystemConfiguration_07"/>
  <testcase name="clickdistrictslink" time="4.325" classname="com.vcstax.testCases.TC_Smoke_SystemConfiguration_07"/>
  <testcase name="clickpropertystratalink" time="12.145" classname="com.vcstax.testCases.TC_Smoke_SystemConfiguration_07"/>
  <testcase name="clickpropertytypeslink" time="4.305" classname="com.vcstax.testCases.TC_Smoke_SystemConfiguration_07"/>
  <testcase name="clickregisterslink" time="4.376" classname="com.vcstax.testCases.TC_Smoke_SystemConfiguration_07"/>
  <testcase name="clicktablessetuplink" time="4.312" classname="com.vcstax.testCases.TC_Smoke_SystemConfiguration_07"/>
  <testcase name="clicktaxaccountslink" time="5.018" classname="com.vcstax.testCases.TC_Smoke_SystemConfiguration_07"/>
</testsuite> <!-- com.vcstax.testCases.TC_Smoke_SystemConfiguration_07 -->
