<?xml version="1.0" encoding="UTF-8"?>
<!-- Generated by org.testng.reporters.JUnitReportReporter -->
<testsuite skipped="0" hostname="TP6VDIDEVTCM222" name="com.vcstax.testCases.TC_VCSTaxLogin_01" tests="1" failures="0" timestamp="15 May 2019 10:57:43 GMT" time="6.946" errors="0">
  <testcase name="loginTest" time="6.946" classname="com.vcstax.testCases.TC_VCSTaxLogin_01"/>
</testsuite> <!-- com.vcstax.testCases.TC_VCSTaxLogin_01 -->
