<?xml version="1.0" encoding="UTF-8"?>
<!-- Generated by org.testng.reporters.JUnitReportReporter -->
<testsuite skipped="0" hostname="TP6VDIDEVTCM222" name="com.vcstax.testCases.TC_Smoke_RepotsTab_03" tests="65" failures="0" timestamp="15 May 2019 08:11:38 GMT" time="85.739" errors="0">
  <testcase name="clickdigestAddressDifferenceslink" time="2.947" classname="com.vcstax.testCases.TC_Smoke_RepotsTab_03"/>
  <testcase name="clickconsolidationSheetslink" time="1.299" classname="com.vcstax.testCases.TC_Smoke_RepotsTab_03"/>
  <testcase name="clickcountyDigestlink" time="1.292" classname="com.vcstax.testCases.TC_Smoke_RepotsTab_03"/>
  <testcase name="clickdigestEditslink" time="1.281" classname="com.vcstax.testCases.TC_Smoke_RepotsTab_03"/>
  <testcase name="clickdigestEvaluationlink" time="1.249" classname="com.vcstax.testCases.TC_Smoke_RepotsTab_03"/>
  <testcase name="clickdigestSummarybyAuthoritylink" time="1.266" classname="com.vcstax.testCases.TC_Smoke_RepotsTab_03"/>
  <testcase name="clickexemptionsAnalysislink" time="1.265" classname="com.vcstax.testCases.TC_Smoke_RepotsTab_03"/>
  <testcase name="clickHTRGPT553Adjustmentslink" time="1.247" classname="com.vcstax.testCases.TC_Smoke_RepotsTab_03"/>
  <testcase name="clickHTRGPT553Detaillink" time="1.247" classname="com.vcstax.testCases.TC_Smoke_RepotsTab_03"/>
  <testcase name="clickHTRGPT553Summarylink" time="1.276" classname="com.vcstax.testCases.TC_Smoke_RepotsTab_03"/>
  <testcase name="clickpropertyStrataDetaillink" time="1.280" classname="com.vcstax.testCases.TC_Smoke_RepotsTab_03"/>
  <testcase name="clicktaxBillEditslink" time="1.258" classname="com.vcstax.testCases.TC_Smoke_RepotsTab_03"/>
  <testcase name="clicktaxBillPrintMobileHomelink" time="1.418" classname="com.vcstax.testCases.TC_Smoke_RepotsTab_03"/>
  <testcase name="clicktaxBillPrintPropertylink" time="1.325" classname="com.vcstax.testCases.TC_Smoke_RepotsTab_03"/>
  <testcase name="clicktaxBillPrintMassPrintinglink" time="1.416" classname="com.vcstax.testCases.TC_Smoke_RepotsTab_03"/>
  <testcase name="clicktaxBillPrintSpecialTaxlink" time="1.335" classname="com.vcstax.testCases.TC_Smoke_RepotsTab_03"/>
  <testcase name="clickspecialTaxPrintExportlink" time="1.276" classname="com.vcstax.testCases.TC_Smoke_RepotsTab_03"/>
  <testcase name="clicktop50Taxpayerslink" time="1.256" classname="com.vcstax.testCases.TC_Smoke_RepotsTab_03"/>
  <testcase name="clickchangedAddresseslink" time="1.254" classname="com.vcstax.testCases.TC_Smoke_RepotsTab_03"/>
  <testcase name="clickcurrentUnpaidBillsByStatuslink" time="1.259" classname="com.vcstax.testCases.TC_Smoke_RepotsTab_03"/>
  <testcase name="clickownerAddressChangeslink" time="1.300" classname="com.vcstax.testCases.TC_Smoke_RepotsTab_03"/>
  <testcase name="clickbalanceSummaryofPercentPaidNewlink" time="1.262" classname="com.vcstax.testCases.TC_Smoke_RepotsTab_03"/>
  <testcase name="clickpriorYearnoCurrentYearBillsNewlink" time="1.264" classname="com.vcstax.testCases.TC_Smoke_RepotsTab_03"/>
  <testcase name="clickoutofBalanceReportlink" time="1.281" classname="com.vcstax.testCases.TC_Smoke_RepotsTab_03"/>
  <testcase name="clickpaidFifalink" time="1.282" classname="com.vcstax.testCases.TC_Smoke_RepotsTab_03"/>
  <testcase name="clicksmallNetDuelink" time="1.228" classname="com.vcstax.testCases.TC_Smoke_RepotsTab_03"/>
  <testcase name="clickunpaidDelinquentDetaillink" time="1.251" classname="com.vcstax.testCases.TC_Smoke_RepotsTab_03"/>
  <testcase name="clickunpaidDelinquentSummarylink" time="1.273" classname="com.vcstax.testCases.TC_Smoke_RepotsTab_03"/>
  <testcase name="clickunpaidBalanceDetaillink" time="1.250" classname="com.vcstax.testCases.TC_Smoke_RepotsTab_03"/>
  <testcase name="clickunpaidBalanceSummarylink" time="1.267" classname="com.vcstax.testCases.TC_Smoke_RepotsTab_03"/>
  <testcase name="clickadjNODDetailbyYearlink" time="1.275" classname="com.vcstax.testCases.TC_Smoke_RepotsTab_03"/>
  <testcase name="clickadjNODSummarybyYearlink" time="1.252" classname="com.vcstax.testCases.TC_Smoke_RepotsTab_03"/>
  <testcase name="clickbackTaxesbyDateRegisterlink" time="1.281" classname="com.vcstax.testCases.TC_Smoke_RepotsTab_03"/>
  <testcase name="clickdepositReportlink" time="1.269" classname="com.vcstax.testCases.TC_Smoke_RepotsTab_03"/>
  <testcase name="clicknonPrincipalAdjustmentslink" time="1.257" classname="com.vcstax.testCases.TC_Smoke_RepotsTab_03"/>
  <testcase name="clickpayoutDetailbyYearlink" time="1.276" classname="com.vcstax.testCases.TC_Smoke_RepotsTab_03"/>
  <testcase name="clickpayoutSummarybyYearlink" time="1.256" classname="com.vcstax.testCases.TC_Smoke_RepotsTab_03"/>
  <testcase name="clickpercentPaidlink" time="1.235" classname="com.vcstax.testCases.TC_Smoke_RepotsTab_03"/>
  <testcase name="clickprincipalBalanceReportlink" time="1.243" classname="com.vcstax.testCases.TC_Smoke_RepotsTab_03"/>
  <testcase name="clickrefundOverpayTransactionslink" time="1.248" classname="com.vcstax.testCases.TC_Smoke_RepotsTab_03"/>
  <testcase name="clickbankruptciesYearPropertyTyplink" time="1.266" classname="com.vcstax.testCases.TC_Smoke_RepotsTab_03"/>
  <testcase name="clicktaxBillsPaidinFulllink" time="1.281" classname="com.vcstax.testCases.TC_Smoke_RepotsTab_03"/>
  <testcase name="clicktransactionJournallink" time="1.262" classname="com.vcstax.testCases.TC_Smoke_RepotsTab_03"/>
  <testcase name="clickdelinquentTaxesbyPropertyIDlink" time="1.428" classname="com.vcstax.testCases.TC_Smoke_RepotsTab_03"/>
  <testcase name="clickdelinquentTaxesbyNetlink" time="1.294" classname="com.vcstax.testCases.TC_Smoke_RepotsTab_03"/>
  <testcase name="clickdelinquentTaxesbyOwnerlink" time="1.431" classname="com.vcstax.testCases.TC_Smoke_RepotsTab_03"/>
  <testcase name="clickfifaDocumentslink" time="1.589" classname="com.vcstax.testCases.TC_Smoke_RepotsTab_03"/>
  <testcase name="clicklevyLetterlink" time="1.440" classname="com.vcstax.testCases.TC_Smoke_RepotsTab_03"/>
  <testcase name="clickintentToFiFalink" time="1.443" classname="com.vcstax.testCases.TC_Smoke_RepotsTab_03"/>
  <testcase name="clicknoticeofLevytoOwnerNewlink" time="1.260" classname="com.vcstax.testCases.TC_Smoke_RepotsTab_03"/>
  <testcase name="clicknoticeofLevytoTenentNewlink" time="1.267" classname="com.vcstax.testCases.TC_Smoke_RepotsTab_03"/>
  <testcase name="clicktaxStatementlink" time="1.456" classname="com.vcstax.testCases.TC_Smoke_RepotsTab_03"/>
  <testcase name="clickpenaltyDisbursebyAuthoritylink" time="1.276" classname="com.vcstax.testCases.TC_Smoke_RepotsTab_03"/>
  <testcase name="clickPL65Reportlink" time="1.257" classname="com.vcstax.testCases.TC_Smoke_RepotsTab_03"/>
  <testcase name="clickrevenueDisbursebyAuthoritylink" time="1.265" classname="com.vcstax.testCases.TC_Smoke_RepotsTab_03"/>
  <testcase name="clickrevenueDisbursebyBillSrclink" time="1.251" classname="com.vcstax.testCases.TC_Smoke_RepotsTab_03"/>
  <testcase name="clickrevenueDisbursebyDigestTyplink" time="1.285" classname="com.vcstax.testCases.TC_Smoke_RepotsTab_03"/>
  <testcase name="clickrevenueDisbursebyPropTypelink" time="1.312" classname="com.vcstax.testCases.TC_Smoke_RepotsTab_03"/>
  <testcase name="clickrevenueDisbursebyYearlink" time="1.261" classname="com.vcstax.testCases.TC_Smoke_RepotsTab_03"/>
  <testcase name="clickrevenueDisburseSummarylink" time="1.284" classname="com.vcstax.testCases.TC_Smoke_RepotsTab_03"/>
  <testcase name="clickintangibleRecordingslink" time="1.290" classname="com.vcstax.testCases.TC_Smoke_RepotsTab_03"/>
  <testcase name="clickdecalDetailbyDateRangelink" time="1.291" classname="com.vcstax.testCases.TC_Smoke_RepotsTab_03"/>
  <testcase name="clickmobileHomeCitationlink" time="1.283" classname="com.vcstax.testCases.TC_Smoke_RepotsTab_03"/>
  <testcase name="clicktimberSalesbyYearlink" time="1.335" classname="com.vcstax.testCases.TC_Smoke_RepotsTab_03"/>
  <testcase name="clicktimberSalesbyYearQuarterlink" time="1.236" classname="com.vcstax.testCases.TC_Smoke_RepotsTab_03"/>
</testsuite> <!-- com.vcstax.testCases.TC_Smoke_RepotsTab_03 -->
