<?xml version="1.0" encoding="UTF-8"?>
<!-- Generated by org.testng.reporters.JUnitReportReporter -->
<testsuite skipped="0" hostname="TP6VDIDEVTCM222" name="com.vcstax.testCases.TC_ActivitySmoke_01" tests="1" failures="0" timestamp="29 Apr 2019 09:46:50 GMT" time="4.195" errors="0">
  <testcase name="loginTest" time="4.195" classname="com.vcstax.testCases.TC_ActivitySmoke_01"/>
</testsuite> <!-- com.vcstax.testCases.TC_ActivitySmoke_01 -->
