<?xml version="1.0" encoding="UTF-8"?>
<!-- Generated by org.testng.reporters.JUnitReportReporter -->
<testsuite skipped="0" hostname="TP6VDIDEVTCM222" name="com.vcstax.testCases.TC_Smoke_Login_01" tests="1" failures="0" timestamp="16 May 2019 10:20:46 GMT" time="13.606" errors="0">
  <testcase name="loginTest" time="13.606" classname="com.vcstax.testCases.TC_Smoke_Login_01"/>
</testsuite> <!-- com.vcstax.testCases.TC_Smoke_Login_01 -->
