<?xml version="1.0" encoding="UTF-8"?>
<!-- Generated by org.testng.reporters.JUnitReportReporter -->
<testsuite skipped="0" hostname="TP6VDIDEVTCM222" name="com.vcstax.testCases.TC_Smoke_SettingsTab_3" tests="7" failures="0" timestamp="13 May 2019 07:50:17 GMT" time="21.947" errors="1">
  <testcase name="clickannualConfigurationlink" time="7.182" classname="com.vcstax.testCases.TC_Smoke_SettingsTab_3">
    <error type="java.lang.NullPointerException">
      <![CDATA[java.lang.NullPointerException
at com.vcstax.pageObjects.SettingsTab.clickannualConfigurationlink(SettingsTab.java:74)
at com.vcstax.testCases.TC_Smoke_SettingsTab_3.clickannualConfigurationlink(TC_Smoke_SettingsTab_3.java:30)
at sun.reflect.NativeMethodAccessorImpl.invoke0(Native Method)
at sun.reflect.NativeMethodAccessorImpl.invoke(Unknown Source)
at sun.reflect.DelegatingMethodAccessorImpl.invoke(Unknown Source)
at java.lang.reflect.Method.invoke(Unknown Source)
at org.testng.internal.MethodInvocationHelper.invokeMethod(MethodInvocationHelper.java:124)
at org.testng.internal.Invoker.invokeMethod(Invoker.java:583)
at org.testng.internal.Invoker.invokeTestMethod(Invoker.java:719)
at org.testng.internal.Invoker.invokeTestMethods(Invoker.java:989)
at org.testng.internal.TestMethodWorker.invokeTestMethods(TestMethodWorker.java:125)
at org.testng.internal.TestMethodWorker.run(TestMethodWorker.java:109)
at org.testng.TestRunner.privateRun(TestRunner.java:648)
at org.testng.TestRunner.run(TestRunner.java:505)
at org.testng.SuiteRunner.runTest(SuiteRunner.java:455)
at org.testng.SuiteRunner.runSequentially(SuiteRunner.java:450)
at org.testng.SuiteRunner.privateRun(SuiteRunner.java:415)
at org.testng.SuiteRunner.run(SuiteRunner.java:364)
at org.testng.SuiteRunnerWorker.runSuite(SuiteRunnerWorker.java:52)
at org.testng.SuiteRunnerWorker.run(SuiteRunnerWorker.java:84)
at org.testng.TestNG.runSuitesSequentially(TestNG.java:1208)
at org.testng.TestNG.runSuitesLocally(TestNG.java:1137)
at org.testng.TestNG.runSuites(TestNG.java:1049)
at org.testng.TestNG.run(TestNG.java:1017)
at org.testng.remote.AbstractRemoteTestNG.run(AbstractRemoteTestNG.java:115)
at org.testng.remote.RemoteTestNG.initAndRun(RemoteTestNG.java:251)
at org.testng.remote.RemoteTestNG.main(RemoteTestNG.java:77)
]]>
    </error>
  </testcase> <!-- clickannualConfigurationlink -->
  <testcase name="clicksystemConfigurationlink" time="3.251" classname="com.vcstax.testCases.TC_Smoke_SettingsTab_3"/>
  <testcase name="clicktextEditorlink" time="2.056" classname="com.vcstax.testCases.TC_Smoke_SettingsTab_3"/>
  <testcase name="clickrolesManagerlink" time="2.463" classname="com.vcstax.testCases.TC_Smoke_SettingsTab_3"/>
  <testcase name="clickuserAccountsManagerlink" time="2.384" classname="com.vcstax.testCases.TC_Smoke_SettingsTab_3"/>
  <testcase name="clickproductInformationlink" time="2.515" classname="com.vcstax.testCases.TC_Smoke_SettingsTab_3"/>
  <testcase name="clickreleaseNoteslink" time="2.096" classname="com.vcstax.testCases.TC_Smoke_SettingsTab_3"/>
</testsuite> <!-- com.vcstax.testCases.TC_Smoke_SettingsTab_3 -->
